<?xml version="1.0" encoding="UTF-8"?>
<!-- Generated by org.testng.reporters.JUnitXMLReporter -->
<testsuite ignored="0" hostname="MIRONENKO-PC" failures="0" tests="4" name="NavigationMenuTests" time="24.871" errors="0" timestamp="2023-07-27T14:07:26 EEST">
  <testcase classname="org.example.test.Task5_2" name="goToAboutUsPage" time="0.193"/>
  <testcase classname="org.example.test.Task5_2" name="goToHelpPage" time="0.172"/>
  <testcase classname="org.example.test.Task5_2" name="goToNewsPage" time="0.188"/>
  <testcase classname="org.example.test.Task5_2" name="goToRulesPage" time="0.186"/>
</testsuite> <!-- NavigationMenuTests -->
