<?xml version="1.0" encoding="UTF-8"?>
<!-- Generated by org.testng.reporters.JUnitXMLReporter -->
<testsuite ignored="0" hostname="MIRONENKO-PC" failures="0" tests="3" name="RegisterVolunteerWithValidValues" time="20.441" errors="0" timestamp="2023-07-27T14:05:22 EEST">
  <testcase classname="org.example.test.Task13_1" name="createVolunteer" time="0.873"/>
  <testcase classname="org.example.test.Task13_1" name="createVolunteer" time="0.815"/>
  <testcase classname="org.example.test.Task13_1" name="createVolunteer" time="0.738"/>
</testsuite> <!-- RegisterVolunteerWithValidValues -->
