<?xml version="1.0" encoding="UTF-8"?>
<!-- Generated by org.testng.reporters.JUnitXMLReporter -->
<testsuite ignored="0" hostname="MIRONENKO-PC" failures="0" tests="4" name="RegisterOrganizationWithValidValues, CreateTask" time="99.249" errors="0" timestamp="2023-07-27T14:07:01 EEST">
  <testcase classname="org.example.test.Task13_3" name="createTask" time="4.221"/>
  <testcase classname="org.example.test.Task13_3" name="createTask" time="14.291"/>
  <testcase classname="org.example.test.Task13_3" name="createTask" time="14.207"/>
  <testcase classname="org.example.test.Task13_3" name="registerOrganization" time="42.595"/>
</testsuite> <!-- RegisterOrganizationWithValidValues, CreateTask -->
