<?xml version="1.0" encoding="UTF-8"?>
<testng-results ignored="0" total="12" passed="12" failed="0" skipped="0">
  <reporter-output>
  </reporter-output>
  <suite started-at="2023-07-27T14:04:19 EEST" name="Suite" finished-at="2023-07-27T14:07:26 EEST" duration-ms="187696">
    <groups>
    </groups>
    <test started-at="2023-07-27T14:04:19 EEST" name="RegisterPartnerWithValidValues" finished-at="2023-07-27T14:05:01 EEST" duration-ms="42716">
      <class name="org.example.test.Task7">
        <test-method is-config="true" signature="testSetUp()[pri:0, instance:org.example.test.Task7@451882b2]" started-at="2023-07-27T14:04:19 EEST" name="testSetUp" finished-at="2023-07-27T14:04:25 EEST" duration-ms="6254" status="PASS">
          <reporter-output>
          </reporter-output>
        </test-method> <!-- testSetUp -->
        <test-method signature="createPartnerWithValidValues()[pri:0, instance:org.example.test.Task7@451882b2]" started-at="2023-07-27T14:04:25 EEST" name="createPartnerWithValidValues" finished-at="2023-07-27T14:05:01 EEST" duration-ms="36318" status="PASS">
          <reporter-output>
          </reporter-output>
        </test-method> <!-- createPartnerWithValidValues -->
      </class> <!-- org.example.test.Task7 -->
    </test> <!-- RegisterPartnerWithValidValues -->
    <test started-at="2023-07-27T14:05:02 EEST" name="RegisterVolunteerWithValidValues" finished-at="2023-07-27T14:05:22 EEST" duration-ms="20441">
      <class name="org.example.test.Task13_1">
        <test-method is-config="true" signature="testSetUp()[pri:0, instance:org.example.test.Task13_1@59c04bee]" started-at="2023-07-27T14:05:02 EEST" name="testSetUp" finished-at="2023-07-27T14:05:08 EEST" duration-ms="6015" status="PASS">
          <reporter-output>
          </reporter-output>
        </test-method> <!-- testSetUp -->
        <test-method signature="createVolunteer(java.lang.String,java.lang.String,java.lang.String,java.lang.String,java.lang.String,java.lang.String)[pri:0, instance:org.example.test.Task13_1@59c04bee]" started-at="2023-07-27T14:05:08 EEST" name="createVolunteer" data-provider="testdata" finished-at="2023-07-27T14:05:09 EEST" duration-ms="873" status="PASS">
          <params>
            <param index="0">
              <value>
                <![CDATA[Lcdezrxk]]>
              </value>
            </param>
            <param index="1">
              <value>
                <![CDATA[Kerdllsk]]>
              </value>
            </param>
            <param index="2">
              <value>
                <![CDATA[TestEmail10398046778500@gmail.com]]>
              </value>
            </param>
            <param index="3">
              <value>
                <![CDATA[+380981615961]]>
              </value>
            </param>
            <param index="4">
              <value>
                <![CDATA[N}¥NzIx®]]>
              </value>
            </param>
            <param index="5">
              <value>
                <![CDATA[N}¥NzIx®]]>
              </value>
            </param>
          </params>
          <reporter-output>
          </reporter-output>
        </test-method> <!-- createVolunteer -->
        <test-method is-config="true" signature="testSetUp()[pri:0, instance:org.example.test.Task13_1@59c04bee]" started-at="2023-07-27T14:05:09 EEST" name="testSetUp" finished-at="2023-07-27T14:05:15 EEST" duration-ms="6059" status="PASS">
          <reporter-output>
          </reporter-output>
        </test-method> <!-- testSetUp -->
        <test-method signature="createVolunteer(java.lang.String,java.lang.String,java.lang.String,java.lang.String,java.lang.String,java.lang.String)[pri:0, instance:org.example.test.Task13_1@59c04bee]" started-at="2023-07-27T14:05:15 EEST" name="createVolunteer" data-provider="testdata" finished-at="2023-07-27T14:05:15 EEST" duration-ms="815" status="PASS">
          <params>
            <param index="0">
              <value>
                <![CDATA[Llaodhxl]]>
              </value>
            </param>
            <param index="1">
              <value>
                <![CDATA[Rxkktsid]]>
              </value>
            </param>
            <param index="2">
              <value>
                <![CDATA[TestEmail10398047504100@gmail.com]]>
              </value>
            </param>
            <param index="3">
              <value>
                <![CDATA[+380987829248]]>
              </value>
            </param>
            <param index="4">
              <value>
                <![CDATA[a¡¸KureZ]]>
              </value>
            </param>
            <param index="5">
              <value>
                <![CDATA[a¡¸KureZ]]>
              </value>
            </param>
          </params>
          <reporter-output>
          </reporter-output>
        </test-method> <!-- createVolunteer -->
        <test-method is-config="true" signature="testSetUp()[pri:0, instance:org.example.test.Task13_1@59c04bee]" started-at="2023-07-27T14:05:15 EEST" name="testSetUp" finished-at="2023-07-27T14:05:21 EEST" duration-ms="5932" status="PASS">
          <reporter-output>
          </reporter-output>
        </test-method> <!-- testSetUp -->
        <test-method signature="createVolunteer(java.lang.String,java.lang.String,java.lang.String,java.lang.String,java.lang.String,java.lang.String)[pri:0, instance:org.example.test.Task13_1@59c04bee]" started-at="2023-07-27T14:05:21 EEST" name="createVolunteer" data-provider="testdata" finished-at="2023-07-27T14:05:22 EEST" duration-ms="738" status="PASS">
          <params>
            <param index="0">
              <value>
                <![CDATA[Wxdtruko]]>
              </value>
            </param>
            <param index="1">
              <value>
                <![CDATA[Mcrgrgpd]]>
              </value>
            </param>
            <param index="2">
              <value>
                <![CDATA[TestEmail10398047505900@gmail.com]]>
              </value>
            </param>
            <param index="3">
              <value>
                <![CDATA[+380980634454]]>
              </value>
            </param>
            <param index="4">
              <value>
                <![CDATA[bb₣UE×/@]]>
              </value>
            </param>
            <param index="5">
              <value>
                <![CDATA[bb₣UE×/@]]>
              </value>
            </param>
          </params>
          <reporter-output>
          </reporter-output>
        </test-method> <!-- createVolunteer -->
      </class> <!-- org.example.test.Task13_1 -->
    </test> <!-- RegisterVolunteerWithValidValues -->
    <test started-at="2023-07-27T14:05:22 EEST" name="RegisterOrganizationWithValidValues, CreateTask" finished-at="2023-07-27T14:07:01 EEST" duration-ms="99249">
      <class name="org.example.test.Task13_3">
        <test-method is-config="true" signature="testSetUp()[pri:0, instance:org.example.test.Task13_3@3fa21d49]" started-at="2023-07-27T14:05:22 EEST" name="testSetUp" finished-at="2023-07-27T14:05:28 EEST" duration-ms="5966" status="PASS">
          <reporter-output>
          </reporter-output>
        </test-method> <!-- testSetUp -->
        <test-method signature="createTask(java.lang.String,org.example.pages.tasks.TaskCategory,java.lang.String,java.lang.String,java.lang.String,java.lang.String,int,int,int)[pri:0, instance:org.example.test.Task13_3@3fa21d49]" started-at="2023-07-27T14:05:28 EEST" name="createTask" data-provider="taskdata" finished-at="2023-07-27T14:05:32 EEST" duration-ms="4221" status="PASS">
          <params>
            <param index="0">
              <value>
                <![CDATA[kukdkzle]]>
              </value>
            </param>
            <param index="1">
              <value>
                <![CDATA[SOFT_DRINKS]]>
              </value>
            </param>
            <param index="2">
              <value>
                <![CDATA[01.08.2023]]>
              </value>
            </param>
            <param index="3">
              <value>
                <![CDATA[pgvcnzxsgthkcxqhkami]]>
              </value>
            </param>
            <param index="4">
              <value>
                <![CDATA[zpsywfvyiq]]>
              </value>
            </param>
            <param index="5">
              <value>
                <![CDATA[mrwtercvhx]]>
              </value>
            </param>
            <param index="6">
              <value>
                <![CDATA[10]]>
              </value>
            </param>
            <param index="7">
              <value>
                <![CDATA[20]]>
              </value>
            </param>
            <param index="8">
              <value>
                <![CDATA[10]]>
              </value>
            </param>
          </params>
          <reporter-output>
          </reporter-output>
        </test-method> <!-- createTask -->
        <test-method is-config="true" signature="testSetUp()[pri:0, instance:org.example.test.Task13_3@3fa21d49]" started-at="2023-07-27T14:05:32 EEST" name="testSetUp" finished-at="2023-07-27T14:05:38 EEST" duration-ms="6019" status="PASS">
          <reporter-output>
          </reporter-output>
        </test-method> <!-- testSetUp -->
        <test-method signature="createTask(java.lang.String,org.example.pages.tasks.TaskCategory,java.lang.String,java.lang.String,java.lang.String,java.lang.String,int,int,int)[pri:0, instance:org.example.test.Task13_3@3fa21d49]" started-at="2023-07-27T14:05:38 EEST" name="createTask" data-provider="taskdata" finished-at="2023-07-27T14:05:53 EEST" duration-ms="14291" status="PASS">
          <params>
            <param index="0">
              <value>
                <![CDATA[rngqbpit]]>
              </value>
            </param>
            <param index="1">
              <value>
                <![CDATA[SOFT_DRINKS]]>
              </value>
            </param>
            <param index="2">
              <value>
                <![CDATA[01.08.2023]]>
              </value>
            </param>
            <param index="3">
              <value>
                <![CDATA[lflnvqsunfmfzuttmgtp]]>
              </value>
            </param>
            <param index="4">
              <value>
                <![CDATA[hlubypkepo]]>
              </value>
            </param>
            <param index="5">
              <value>
                <![CDATA[okcjmjdofp]]>
              </value>
            </param>
            <param index="6">
              <value>
                <![CDATA[10]]>
              </value>
            </param>
            <param index="7">
              <value>
                <![CDATA[20]]>
              </value>
            </param>
            <param index="8">
              <value>
                <![CDATA[10]]>
              </value>
            </param>
          </params>
          <reporter-output>
          </reporter-output>
        </test-method> <!-- createTask -->
        <test-method is-config="true" signature="testSetUp()[pri:0, instance:org.example.test.Task13_3@3fa21d49]" started-at="2023-07-27T14:05:53 EEST" name="testSetUp" finished-at="2023-07-27T14:05:59 EEST" duration-ms="5964" status="PASS">
          <reporter-output>
          </reporter-output>
        </test-method> <!-- testSetUp -->
        <test-method signature="createTask(java.lang.String,org.example.pages.tasks.TaskCategory,java.lang.String,java.lang.String,java.lang.String,java.lang.String,int,int,int)[pri:0, instance:org.example.test.Task13_3@3fa21d49]" started-at="2023-07-27T14:05:59 EEST" name="createTask" data-provider="taskdata" finished-at="2023-07-27T14:06:13 EEST" duration-ms="14207" status="PASS">
          <params>
            <param index="0">
              <value>
                <![CDATA[slrpyflf]]>
              </value>
            </param>
            <param index="1">
              <value>
                <![CDATA[SOFT_DRINKS]]>
              </value>
            </param>
            <param index="2">
              <value>
                <![CDATA[01.08.2023]]>
              </value>
            </param>
            <param index="3">
              <value>
                <![CDATA[qczzeegdhzfgjewarsjy]]>
              </value>
            </param>
            <param index="4">
              <value>
                <![CDATA[rwiswvpgof]]>
              </value>
            </param>
            <param index="5">
              <value>
                <![CDATA[zfbgnoopbr]]>
              </value>
            </param>
            <param index="6">
              <value>
                <![CDATA[10]]>
              </value>
            </param>
            <param index="7">
              <value>
                <![CDATA[20]]>
              </value>
            </param>
            <param index="8">
              <value>
                <![CDATA[10]]>
              </value>
            </param>
          </params>
          <reporter-output>
          </reporter-output>
        </test-method> <!-- createTask -->
        <test-method is-config="true" signature="testSetUp()[pri:0, instance:org.example.test.Task13_3@3fa21d49]" started-at="2023-07-27T14:06:13 EEST" name="testSetUp" finished-at="2023-07-27T14:06:19 EEST" duration-ms="5973" status="PASS">
          <reporter-output>
          </reporter-output>
        </test-method> <!-- testSetUp -->
        <test-method signature="registerOrganization(java.lang.String,java.lang.String,java.lang.String,org.example.entity.Gender,java.lang.String,java.lang.String,java.lang.String,java.lang.String)[pri:0, instance:org.example.test.Task13_3@3fa21d49]" started-at="2023-07-27T14:06:19 EEST" name="registerOrganization" data-provider="organizationdata" finished-at="2023-07-27T14:07:01 EEST" duration-ms="42595" status="PASS">
          <params>
            <param index="0">
              <value>
                <![CDATA[lMGMYMyxur@skarb.ngo]]>
              </value>
            </param>
            <param index="1">
              <value>
                <![CDATA[Mxvxoytn]]>
              </value>
            </param>
            <param index="2">
              <value>
                <![CDATA[Czyucacm]]>
              </value>
            </param>
            <param index="3">
              <value>
                <![CDATA[MALE]]>
              </value>
            </param>
            <param index="4">
              <value>
                <![CDATA[uW´₡₸rG₶]]>
              </value>
            </param>
            <param index="5">
              <value>
                <![CDATA[uW´₡₸rG₶]]>
              </value>
            </param>
            <param index="6">
              <value>
                <![CDATA[iychgskqvr]]>
              </value>
            </param>
            <param index="7">
              <value>
                <![CDATA[lbzorofdzz]]>
              </value>
            </param>
          </params>
          <reporter-output>
          </reporter-output>
        </test-method> <!-- registerOrganization -->
      </class> <!-- org.example.test.Task13_3 -->
    </test> <!-- RegisterOrganizationWithValidValues, CreateTask -->
    <test started-at="2023-07-27T14:07:01 EEST" name="NavigationMenuTests" finished-at="2023-07-27T14:07:26 EEST" duration-ms="24871">
      <class name="org.example.test.Task5_2">
        <test-method is-config="true" signature="setUp()[pri:0, instance:org.example.test.Task5_2@40113163]" started-at="2023-07-27T14:04:16 EEST" name="setUp" finished-at="2023-07-27T14:04:19 EEST" duration-ms="2236" status="PASS">
          <reporter-output>
          </reporter-output>
        </test-method> <!-- setUp -->
        <test-method is-config="true" signature="testSetUp()[pri:0, instance:org.example.test.Task5_2@40113163]" started-at="2023-07-27T14:07:01 EEST" name="testSetUp" finished-at="2023-07-27T14:07:08 EEST" duration-ms="6095" status="PASS">
          <reporter-output>
          </reporter-output>
        </test-method> <!-- testSetUp -->
        <test-method signature="goToAboutUsPage()[pri:0, instance:org.example.test.Task5_2@40113163]" started-at="2023-07-27T14:07:08 EEST" name="goToAboutUsPage" finished-at="2023-07-27T14:07:08 EEST" duration-ms="193" status="PASS">
          <reporter-output>
          </reporter-output>
        </test-method> <!-- goToAboutUsPage -->
        <test-method is-config="true" signature="testSetUp()[pri:0, instance:org.example.test.Task5_2@40113163]" started-at="2023-07-27T14:07:08 EEST" name="testSetUp" finished-at="2023-07-27T14:07:14 EEST" duration-ms="6038" status="PASS">
          <reporter-output>
          </reporter-output>
        </test-method> <!-- testSetUp -->
        <test-method signature="goToHelpPage()[pri:0, instance:org.example.test.Task5_2@40113163]" started-at="2023-07-27T14:07:14 EEST" name="goToHelpPage" finished-at="2023-07-27T14:07:14 EEST" duration-ms="172" status="PASS">
          <reporter-output>
          </reporter-output>
        </test-method> <!-- goToHelpPage -->
        <test-method is-config="true" signature="testSetUp()[pri:0, instance:org.example.test.Task5_2@40113163]" started-at="2023-07-27T14:07:14 EEST" name="testSetUp" finished-at="2023-07-27T14:07:20 EEST" duration-ms="6018" status="PASS">
          <reporter-output>
          </reporter-output>
        </test-method> <!-- testSetUp -->
        <test-method signature="goToNewsPage()[pri:0, instance:org.example.test.Task5_2@40113163]" started-at="2023-07-27T14:07:20 EEST" name="goToNewsPage" finished-at="2023-07-27T14:07:20 EEST" duration-ms="188" status="PASS">
          <reporter-output>
          </reporter-output>
        </test-method> <!-- goToNewsPage -->
        <test-method is-config="true" signature="testSetUp()[pri:0, instance:org.example.test.Task5_2@40113163]" started-at="2023-07-27T14:07:20 EEST" name="testSetUp" finished-at="2023-07-27T14:07:26 EEST" duration-ms="5969" status="PASS">
          <reporter-output>
          </reporter-output>
        </test-method> <!-- testSetUp -->
        <test-method signature="goToRulesPage()[pri:0, instance:org.example.test.Task5_2@40113163]" started-at="2023-07-27T14:07:26 EEST" name="goToRulesPage" finished-at="2023-07-27T14:07:26 EEST" duration-ms="186" status="PASS">
          <reporter-output>
          </reporter-output>
        </test-method> <!-- goToRulesPage -->
        <test-method is-config="true" signature="tearDown()[pri:0, instance:org.example.test.Task5_2@40113163]" started-at="2023-07-27T14:07:26 EEST" name="tearDown" finished-at="2023-07-27T14:07:27 EEST" duration-ms="183" status="PASS">
          <reporter-output>
          </reporter-output>
        </test-method> <!-- tearDown -->
      </class> <!-- org.example.test.Task5_2 -->
    </test> <!-- NavigationMenuTests -->
  </suite> <!-- Suite -->
</testng-results>
