<?xml version="1.0" encoding="UTF-8"?>
<testsuite name="Skarb_automation_tests_selenide"
           tests="4"
           failures="0"
           errors="0"
           skipped="0"
           time="4.437">
    <properties></properties>



            <testcase
                name="createPartner"
                time="0.939"
                classname="org.example.test.Task13_2">
            </testcase>
            <testcase
                name="createPartner"
                time="1.455"
                classname="org.example.test.Task13_2">
            </testcase>
            <testcase
                name="createPartner"
                time="0.986"
                classname="org.example.test.Task13_2">
            </testcase>
            <testcase
                name="createPartner"
                time="1.057"
                classname="org.example.test.Task13_2">
            </testcase>
</testsuite>
