<?xml version="1.0" encoding="UTF-8"?>
<testsuite name="Skarb_automation_tests_selenide"
           tests="3"
           failures="0"
           errors="0"
           skipped="0"
           time="3.080">
    <properties></properties>



            <testcase
                name="createVolunteer"
                time="0.939"
                classname="org.example.test.Task13_1">
            </testcase>
            <testcase
                name="createVolunteer"
                time="1.234"
                classname="org.example.test.Task13_1">
            </testcase>
            <testcase
                name="createVolunteer"
                time="0.907"
                classname="org.example.test.Task13_1">
            </testcase>
</testsuite>
