<?xml version="1.0" encoding="UTF-8"?>
<testsuite name="RegisterVolunteerWithValidValues"
           tests="3"
           failures="0"
           errors="0"
           skipped="0"
           time="2.426">
    <properties></properties>



            <testcase
                name="createVolunteer"
                time="0.738"
                classname="org.example.test.Task13_1">
            </testcase>
            <testcase
                name="createVolunteer"
                time="0.873"
                classname="org.example.test.Task13_1">
            </testcase>
            <testcase
                name="createVolunteer"
                time="0.815"
                classname="org.example.test.Task13_1">
            </testcase>
</testsuite>
